# JRE version: Java(TM) SE Runtime Environment (17.0.11+7) (build 17.0.11+7-LTS-207)
# Java VM: Java HotSpot(TM) 64-Bit Server VM (17.0.11+7-LTS-207, mixed mode, sharing, tiered, compressed oops, compressed class ptrs, g1 gc, windows-amd64)
GC Precious Log:
 CPUs: 24 total, 24 available
 Memory: 31894M
 Large Page Support: Disabled
 NUMA Support: Disabled
 Compressed Oops: Enabled (Zero based)
 Heap Region Size: 4M
 Heap Min Capacity: 8M
 Heap Initial Capacity: 500M
 Heap Max Capacity: 7976M
 Pre-touch: Disabled
 Parallel Workers: 18
 Concurrent Workers: 5
 Concurrent Refinement Workers: 18
 Periodic GC: Disabled
Heap:
 garbage-first heap   total 319488K, used 67751K [0x000000060d800000, 0x0000000800000000)
  region size 4096K, 7 young (28672K), 2 survivors (8192K)
 Metaspace       used 51410K, committed 52032K, reserved 1114112K
  class space    used 5906K, committed 6208K, reserved 1048576K
GC Heap History (20 events):
Event: 2.240 GC heap before
{Heap before GC invocations=5 (full 0):
 garbage-first heap   total 98304K, used 65999K [0x000000060d800000, 0x0000000800000000)
  region size 4096K, 16 young (65536K), 5 survivors (20480K)
 Metaspace       used 29016K, committed 29312K, reserved 1114112K
  class space    used 3446K, committed 3584K, reserved 1048576K
}
Event: 2.245 GC heap after
{Heap after GC invocations=6 (full 0):
 garbage-first heap   total 98304K, used 22704K [0x000000060d800000, 0x0000000800000000)
  region size 4096K, 1 young (4096K), 1 survivors (4096K)
 Metaspace       used 29016K, committed 29312K, reserved 1114112K
  class space    used 3446K, committed 3584K, reserved 1048576K
}
Event: 2.283 GC heap before
{Heap before GC invocations=6 (full 0):
 garbage-first heap   total 98304K, used 26800K [0x000000060d800000, 0x0000000800000000)
  region size 4096K, 2 young (8192K), 1 survivors (4096K)
 Metaspace       used 29447K, committed 29696K, reserved 1114112K
  class space    used 3487K, committed 3584K, reserved 1048576K
}
Event: 2.290 GC heap after
{Heap after GC invocations=7 (full 0):
 garbage-first heap   total 98304K, used 22636K [0x000000060d800000, 0x0000000800000000)
  region size 4096K, 1 young (4096K), 1 survivors (4096K)
 Metaspace       used 29447K, committed 29696K, reserved 1114112K
  class space    used 3487K, committed 3584K, reserved 1048576K
}
Event: 2.631 GC heap before
{Heap before GC invocations=7 (full 0):
 garbage-first heap   total 98304K, used 67692K [0x000000060d800000, 0x0000000800000000)
  region size 4096K, 12 young (49152K), 1 survivors (4096K)
 Metaspace       used 30832K, committed 31168K, reserved 1114112K
  class space    used 3615K, committed 3776K, reserved 1048576K
}
Event: 2.634 GC heap after
{Heap after GC invocations=8 (full 0):
 garbage-first heap   total 307200K, used 23692K [0x000000060d800000, 0x0000000800000000)
  region size 4096K, 1 young (4096K), 1 survivors (4096K)
 Metaspace       used 30832K, committed 31168K, reserved 1114112K
  class space    used 3615K, committed 3776K, reserved 1048576K
}
Event: 3.147 GC heap before
{Heap before GC invocations=8 (full 0):
 garbage-first heap   total 307200K, used 56460K [0x000000060d800000, 0x0000000800000000)
  region size 4096K, 10 young (40960K), 1 survivors (4096K)
 Metaspace       used 35668K, committed 36096K, reserved 1114112K
  class space    used 4218K, committed 4416K, reserved 1048576K
}
Event: 3.151 GC heap after
{Heap after GC invocations=9 (full 0):
 garbage-first heap   total 307200K, used 31605K [0x000000060d800000, 0x0000000800000000)
  region size 4096K, 3 young (12288K), 3 survivors (12288K)
 Metaspace       used 35668K, committed 36096K, reserved 1114112K
  class space    used 4218K, committed 4416K, reserved 1048576K
}
Event: 3.750 GC heap before
{Heap before GC invocations=10 (full 0):
 garbage-first heap   total 122880K, used 93045K [0x000000060d800000, 0x0000000800000000)
  region size 4096K, 18 young (73728K), 3 survivors (12288K)
 Metaspace       used 41356K, committed 41856K, reserved 1114112K
  class space    used 4770K, committed 4992K, reserved 1048576K
}
Event: 3.760 GC heap after
{Heap after GC invocations=11 (full 0):
 garbage-first heap   total 122880K, used 44825K [0x000000060d800000, 0x0000000800000000)
  region size 4096K, 3 young (12288K), 3 survivors (12288K)
 Metaspace       used 41356K, committed 41856K, reserved 1114112K
  class space    used 4770K, committed 4992K, reserved 1048576K
}
Event: 3.832 GC heap before
{Heap before GC invocations=11 (full 0):
 garbage-first heap   total 122880K, used 48921K [0x000000060d800000, 0x0000000800000000)
  region size 4096K, 4 young (16384K), 3 survivors (12288K)
 Metaspace       used 41779K, committed 42304K, reserved 1114112K
  class space    used 4803K, committed 5056K, reserved 1048576K
}
Event: 3.842 GC heap after
{Heap after GC invocations=12 (full 0):
 garbage-first heap   total 122880K, used 46219K [0x000000060d800000, 0x0000000800000000)
  region size 4096K, 1 young (4096K), 1 survivors (4096K)
 Metaspace       used 41779K, committed 42304K, reserved 1114112K
  class space    used 4803K, committed 5056K, reserved 1048576K
}
Event: 4.118 GC heap before
{Heap before GC invocations=12 (full 0):
 garbage-first heap   total 122880K, used 87179K [0x000000060d800000, 0x0000000800000000)
  region size 4096K, 11 young (45056K), 1 survivors (4096K)
 Metaspace       used 43180K, committed 43648K, reserved 1114112K
  class space    used 4977K, committed 5184K, reserved 1048576K
}
Event: 4.120 GC heap after
{Heap after GC invocations=13 (full 0):
 garbage-first heap   total 122880K, used 45334K [0x000000060d800000, 0x0000000800000000)
  region size 4096K, 1 young (4096K), 1 survivors (4096K)
 Metaspace       used 43180K, committed 43648K, reserved 1114112K
  class space    used 4977K, committed 5184K, reserved 1048576K
}
Event: 4.184 GC heap before
{Heap before GC invocations=13 (full 0):
 garbage-first heap   total 122880K, used 86294K [0x000000060d800000, 0x0000000800000000)
  region size 4096K, 11 young (45056K), 1 survivors (4096K)
 Metaspace       used 43410K, committed 43968K, reserved 1114112K
  class space    used 4992K, committed 5248K, reserved 1048576K
}
Event: 4.186 GC heap after
{Heap after GC invocations=14 (full 0):
 garbage-first heap   total 122880K, used 45619K [0x000000060d800000, 0x0000000800000000)
  region size 4096K, 1 young (4096K), 1 survivors (4096K)
 Metaspace       used 43410K, committed 43968K, reserved 1114112K
  class space    used 4992K, committed 5248K, reserved 1048576K
}
Event: 4.409 GC heap before
{Heap before GC invocations=14 (full 0):
 garbage-first heap   total 122880K, used 90675K [0x000000060d800000, 0x0000000800000000)
  region size 4096K, 12 young (49152K), 1 survivors (4096K)
 Metaspace       used 44820K, committed 45312K, reserved 1114112K
  class space    used 5156K, committed 5376K, reserved 1048576K
}
Event: 4.413 GC heap after
{Heap after GC invocations=15 (full 0):
 garbage-first heap   total 319488K, used 47245K [0x000000060d800000, 0x0000000800000000)
  region size 4096K, 1 young (4096K), 1 survivors (4096K)
 Metaspace       used 44820K, committed 45312K, reserved 1114112K
  class space    used 5156K, committed 5376K, reserved 1048576K
}
Event: 5.589 GC heap before
{Heap before GC invocations=15 (full 0):
 garbage-first heap   total 319488K, used 231565K [0x000000060d800000, 0x0000000800000000)
  region size 4096K, 46 young (188416K), 1 survivors (4096K)
 Metaspace       used 51185K, committed 51776K, reserved 1114112K
  class space    used 5898K, committed 6208K, reserved 1048576K
}
Event: 5.592 GC heap after
{Heap after GC invocations=16 (full 0):
 garbage-first heap   total 319488K, used 51367K [0x000000060d800000, 0x0000000800000000)
  region size 4096K, 2 young (8192K), 2 survivors (8192K)
 Metaspace       used 51185K, committed 51776K, reserved 1114112K
  class space    used 5898K, committed 6208K, reserved 1048576K
}

